<?xml version="1.0" encoding="UTF-8"?>
<beans 
      xmlns="http://www.springframework.org/schema/beans"
      xmlns:xsi="http://www.w3.org/2001/XMLSchema-instance"
      xmlns:security="http://www.springframework.org/schema/security"
      xsi:schemaLocation="
      http://www.springframework.org/schema/beans 
      http://www.springframework.org/schema/beans/spring-beans-3.0.xsd
      http://www.springframework.org/schema/security
      http://www.springframework.org/schema/security/spring-security-3.1.xsd">

    <bean id="picService" name="picService" class="org.mockito.Mockito" factory-method="mock">
        <constructor-arg value="com.bobko.album.service.interfaces.IPictureService"/>
    </bean>
    
    <bean id="pagesService" name="pagesService" class="org.mockito.Mockito" factory-method="mock">
        <constructor-arg value="com.bobko.album.service.interfaces.IPagesService"/>
    </bean>
    
    <bean id="pictureGrubber" name="pictureGrubber" class="org.mockito.Mockito" factory-method="mock">
        <constructor-arg value="com.bobko.album.service.interfaces.IPictureGrabber"/>
    </bean>    
    
    <bean id="userService" name="userService" class="org.mockito.Mockito" factory-method="mock">
        <constructor-arg value="com.bobko.album.service.interfaces.IUserService"/>
    </bean>

<!--     <bean class="org.springframework.security.web.access.expression.DefaultWebSecurityExpressionHandler"/> -->

</beans>